
  .   ____          _            __ _ _
 /\\ / ___'_ __ _ _(_)_ __  __ _ \ \ \ \
( ( )\___ | '_ | '_| | '_ \/ _` | \ \ \ \
 \\/  ___)| |_)| | | | | || (_| |  ) ) ) )
  '  |____| .__|_| |_|_| |_\__, | / / / /
 =========|_|==============|___/=/_/_/_/

 :: Spring Boot ::               (v3.4.11)

2025-11-19T23:30:55.231+05:30  INFO 10904 --- [eatClubApp] [           main] c.m.eatClubApp.EatClubAppApplication     : Starting EatClubAppApplication v0.0.1-SNAPSHOT using Java 21.0.8 with PID 10904 (/Users/pratham/mydevarea/ProjectEatApp/eatClubApp/target/eatClubApp-0.0.1-SNAPSHOT.jar started by pratham in /Users/pratham/mydevarea/ProjectEatApp/eatClubApp)
2025-11-19T23:30:55.232+05:30  INFO 10904 --- [eatClubApp] [           main] c.m.eatClubApp.EatClubAppApplication     : No active profile set, falling back to 1 default profile: "default"
2025-11-19T23:30:55.536+05:30  INFO 10904 --- [eatClubApp] [           main] o.s.b.w.embedded.tomcat.TomcatWebServer  : Tomcat initialized with port 8080 (http)
2025-11-19T23:30:55.541+05:30  INFO 10904 --- [eatClubApp] [           main] o.apache.catalina.core.StandardService   : Starting service [Tomcat]
2025-11-19T23:30:55.542+05:30  INFO 10904 --- [eatClubApp] [           main] o.apache.catalina.core.StandardEngine    : Starting Servlet engine: [Apache Tomcat/10.1.48]
2025-11-19T23:30:55.556+05:30  INFO 10904 --- [eatClubApp] [           main] o.a.c.c.C.[Tomcat].[localhost].[/]       : Initializing Spring embedded WebApplicationContext
2025-11-19T23:30:55.556+05:30  INFO 10904 --- [eatClubApp] [           main] w.s.c.ServletWebServerApplicationContext : Root WebApplicationContext: initialization completed in 302 ms
2025-11-19T23:30:55.686+05:30  INFO 10904 --- [eatClubApp] [           main] o.s.b.w.embedded.tomcat.TomcatWebServer  : Tomcat started on port 8080 (http) with context path '/'
2025-11-19T23:30:55.692+05:30  INFO 10904 --- [eatClubApp] [           main] c.m.eatClubApp.EatClubAppApplication     : Started EatClubAppApplication in 0.608 seconds (process running for 0.765)
2025-11-19T23:31:01.849+05:30  INFO 10904 --- [eatClubApp] [nio-8080-exec-2] o.a.c.c.C.[Tomcat].[localhost].[/]       : Initializing Spring DispatcherServlet 'dispatcherServlet'
2025-11-19T23:31:01.849+05:30  INFO 10904 --- [eatClubApp] [nio-8080-exec-2] o.s.web.servlet.DispatcherServlet        : Initializing Servlet 'dispatcherServlet'
2025-11-19T23:31:01.850+05:30  INFO 10904 --- [eatClubApp] [nio-8080-exec-2] o.s.web.servlet.DispatcherServlet        : Completed initialization in 0 ms
2025-11-20T00:40:06.774+05:30  INFO 10904 --- [eatClubApp] [ionShutdownHook] o.s.b.w.e.tomcat.GracefulShutdown        : Commencing graceful shutdown. Waiting for active requests to complete
2025-11-20T00:40:06.793+05:30  INFO 10904 --- [eatClubApp] [tomcat-shutdown] o.s.b.w.e.tomcat.GracefulShutdown        : Graceful shutdown complete
